<?xml version="1.0" encoding="UTF-8"?>
<!-- Generated by org.testng.reporters.JUnitReportReporter -->
<testsuite hostname="Ziyad-pc" name="CnnTest" tests="2" failures="0" timestamp="8 Sep 2013 03:47:05 GMT" time="16.992" errors="0">
  <testcase name="f1" time="6.716" classname="CnnTest"/>
  <testcase name="f" time="10.276" classname="CnnTest"/>
</testsuite>
